2025-11-05 11:38:40,043 - __main__ - INFO - 启动AI数据分析系统...
2025-11-05 11:38:40,043 - __main__ - INFO - 开始检查运行环境...
2025-11-05 11:38:40,043 - __main__ - INFO - Python版本: 3.12.1 (main, Jul 10 2025, 11:57:50) [GCC 13.3.0]
2025-11-05 11:38:52,528 - __main__ - INFO - pandas版本: 2.3.3
2025-11-05 11:38:52,528 - __main__ - INFO - numpy版本: 2.3.4
2025-11-05 11:38:55,538 - __main__ - INFO - streamlit版本: 1.51.0
2025-11-05 11:38:55,539 - __main__ - INFO - 环境检查通过!
2025-11-05 11:38:55,539 - __main__ - INFO - 尝试启动Web界面...
2025-11-05 11:38:55,539 - __main__ - INFO - 运行命令: /home/codespace/.python/current/bin/python3 -m streamlit run src/ui/app.py
2025-11-05 11:47:43,122 - __main__ - INFO - 启动AI数据分析系统...
2025-11-05 11:47:43,125 - __main__ - INFO - 开始检查运行环境...
2025-11-05 11:47:43,126 - __main__ - INFO - Python版本: 3.12.1 (main, Jul 10 2025, 11:57:50) [GCC 13.3.0]
2025-11-05 11:47:44,261 - __main__ - INFO - pandas版本: 2.3.3
2025-11-05 11:47:44,262 - __main__ - INFO - numpy版本: 2.3.4
2025-11-05 11:47:45,034 - __main__ - INFO - streamlit版本: 1.51.0
2025-11-05 11:47:45,034 - __main__ - INFO - 环境检查通过!
2025-11-05 11:47:45,035 - __main__ - INFO - 尝试启动Web界面...
2025-11-05 11:47:45,035 - __main__ - INFO - 运行命令: /home/codespace/.python/current/bin/python3 -m streamlit run /workspaces/ningmeng/AI/src/ui/app.py
2025-11-05 11:53:11,992 - __main__ - INFO - 启动AI数据分析系统...
2025-11-05 11:53:11,992 - __main__ - INFO - 开始检查运行环境...
2025-11-05 11:53:11,993 - __main__ - INFO - Python版本: 3.12.1 (main, Jul 10 2025, 11:57:50) [GCC 13.3.0]
2025-11-05 11:53:12,461 - __main__ - INFO - pandas版本: 2.3.3
2025-11-05 11:53:12,461 - __main__ - INFO - numpy版本: 2.3.4
2025-11-05 11:53:13,955 - __main__ - INFO - streamlit版本: 1.51.0
2025-11-05 11:53:13,955 - __main__ - INFO - 环境检查通过!
2025-11-05 11:53:13,955 - __main__ - INFO - 尝试启动Web界面...
2025-11-05 11:53:13,955 - __main__ - INFO - 运行命令: /home/codespace/.python/current/bin/python3 -m streamlit run /workspaces/ningmeng/AI/src/ui/app.py
2025-11-05 11:56:04,112 - __main__ - INFO - 启动AI数据分析系统...
2025-11-05 11:56:04,113 - __main__ - INFO - 开始检查运行环境...
2025-11-05 11:56:04,113 - __main__ - INFO - Python版本: 3.12.1 (main, Jul 10 2025, 11:57:50) [GCC 13.3.0]
2025-11-05 11:56:04,544 - __main__ - INFO - pandas版本: 2.3.3
2025-11-05 11:56:04,544 - __main__ - INFO - numpy版本: 2.3.4
2025-11-05 11:56:04,840 - __main__ - INFO - streamlit版本: 1.51.0
2025-11-05 11:56:04,840 - __main__ - INFO - 环境检查通过!
2025-11-05 11:56:04,840 - __main__ - INFO - 尝试启动Web界面...
2025-11-05 11:56:04,840 - __main__ - INFO - 运行命令: /home/codespace/.python/current/bin/python3 -m streamlit run /workspaces/ningmeng/AI/src/ui/app.py
